SF:lib\calendar_screen\calendar_screen.dart
DA:4,2
DA:6,2
DA:7,2
DA:8,2
DA:10,2
LF:5
LH:5
end_of_record
SF:lib\shared\config\size_config.dart
DA:13,13
DA:14,26
DA:15,26
LF:3
LH:3
end_of_record
SF:lib\finance_screen\finance_screen.dart
DA:4,2
DA:6,2
DA:7,2
DA:8,2
DA:10,2
LF:5
LH:5
end_of_record
SF:lib\tasks_screen\models\invalid_task_exception.dart
DA:4,2
DA:6,1
DA:8,2
LF:3
LH:3
end_of_record
SF:lib\tasks_screen\models\task.dart
DA:11,9
DA:13,3
DA:15,6
DA:18,6
DA:19,6
DA:20,6
DA:21,6
DA:22,6
DA:23,18
DA:24,18
DA:25,18
DA:26,18
DA:27,18
DA:29,6
DA:30,6
DA:31,1
DA:34,6
DA:35,6
DA:36,6
DA:37,6
DA:38,6
DA:42,8
DA:43,8
DA:44,8
DA:45,8
DA:46,8
DA:47,8
DA:51,4
DA:55,4
DA:56,4
DA:57,4
DA:58,2
DA:59,3
LF:33
LH:33
end_of_record
SF:lib\fitness_screen\fitness_screen.dart
DA:4,2
DA:6,2
DA:7,2
DA:8,2
DA:10,2
LF:5
LH:5
end_of_record
SF:lib\goals_screen\goals_screen.dart
DA:4,2
DA:6,2
DA:7,2
DA:8,2
DA:10,2
LF:5
LH:5
end_of_record
SF:lib\homework_screen\homework_screen.dart
DA:4,2
DA:6,2
DA:7,2
DA:8,2
DA:10,2
LF:5
LH:5
end_of_record
SF:lib\home_screen\widgets\text_icon_button.dart
DA:11,2
DA:17,4
DA:19,2
DA:21,2
DA:22,2
DA:23,4
DA:24,2
DA:26,2
DA:27,2
DA:29,2
DA:30,2
DA:31,2
DA:34,2
DA:35,2
DA:37,2
DA:38,2
DA:39,2
DA:40,2
DA:42,2
DA:43,2
DA:44,2
DA:48,2
DA:49,2
DA:50,2
DA:51,2
DA:52,2
LF:26
LH:26
end_of_record
SF:lib\tasks_screen\models\task_database_exception.dart
DA:4,1
DA:6,1
DA:8,2
LF:3
LH:3
end_of_record
SF:lib\home_screen\home_screen.dart
DA:12,3
DA:14,1
DA:16,3
DA:18,1
DA:19,1
DA:20,1
DA:22,1
DA:23,1
DA:25,1
DA:26,1
DA:27,1
DA:28,1
DA:29,3
DA:33,1
DA:34,3
DA:40,1
DA:41,1
DA:42,1
DA:43,3
DA:47,1
DA:48,3
DA:54,1
DA:55,1
DA:56,1
DA:57,3
DA:61,1
DA:62,3
DA:75,1
DA:76,3
DA:82,3
DA:84,1
DA:85,1
DA:87,2
DA:88,2
DA:94,1
DA:96,1
DA:97,1
DA:99,2
LF:38
LH:38
end_of_record
SF:lib\tasks_screen\tasks_screen.dart
DA:8,6
DA:10,2
DA:12,2
DA:13,2
DA:14,2
DA:15,2
DA:16,2
DA:17,2
DA:18,0
DA:23,2
DA:24,2
LF:11
LH:10
end_of_record
SF:lib\shared\config\firebase_config.dart
DA:3,6
DA:5,6
DA:6,6
DA:9,7
DA:13,6
DA:14,12
LF:6
LH:6
end_of_record
SF:lib\shared\widgets\app_bar_overflow_menu.dart
DA:6,3
DA:8,3
DA:10,3
DA:11,0
DA:12,2
DA:13,6
DA:14,2
DA:15,2
DA:17,2
DA:20,2
LF:10
LH:9
end_of_record
SF:lib\shared\widgets\sheet_text_button.dart
DA:8,21
DA:10,7
DA:12,7
DA:13,14
DA:14,7
DA:16,7
DA:17,7
DA:18,7
DA:19,7
DA:21,7
DA:22,14
LF:11
LH:11
end_of_record
SF:lib\tasks_screen\models\task_database_operations.dart
DA:6,5
DA:7,10
DA:8,10
DA:9,10
DA:10,5
DA:13,3
DA:14,6
DA:15,3
DA:16,3
DA:17,3
DA:18,6
DA:21,3
DA:24,9
DA:26,6
DA:27,6
DA:28,6
DA:29,3
DA:32,1
DA:33,2
DA:34,2
DA:35,1
DA:36,1
DA:39,3
DA:40,3
DA:41,3
DA:42,3
DA:45,2
DA:46,2
DA:48,10
DA:49,4
DA:50,2
DA:51,4
DA:58,1
DA:59,1
DA:60,5
DA:61,5
DA:62,2
DA:63,3
DA:64,3
DA:66,1
DA:67,3
DA:69,1
LF:42
LH:42
end_of_record
SF:lib\tasks_screen\widgets\add_task_button.dart
DA:6,9
DA:8,3
DA:10,3
DA:12,3
DA:13,2
DA:15,2
DA:17,3
LF:7
LH:7
end_of_record
SF:lib\tasks_screen\widgets\task_list_view.dart
DA:8,9
DA:10,3
DA:12,3
DA:13,4
DA:14,4
DA:17,3
DA:20,3
DA:22,3
DA:23,3
DA:25,3
DA:26,3
DA:27,6
DA:28,3
DA:29,3
DA:31,3
DA:32,9
LF:16
LH:16
end_of_record
SF:lib\tasks_screen\widgets\edit_task_widget\edit_task_sheet.dart
DA:12,3
DA:14,3
DA:15,3
DA:21,3
DA:23,3
DA:24,3
DA:27,3
DA:29,6
DA:30,3
DA:33,3
DA:35,3
DA:36,3
DA:37,3
DA:38,3
DA:39,3
DA:40,3
DA:42,3
DA:43,3
DA:44,3
DA:45,3
DA:47,3
DA:55,3
DA:56,6
DA:57,2
DA:58,2
DA:59,2
DA:62,2
DA:63,2
DA:64,4
DA:65,2
DA:70,3
DA:71,6
DA:72,3
DA:73,8
LF:34
LH:34
end_of_record
SF:lib\tasks_screen\widgets\edit_task_widget\edit_task_add_button.dart
DA:10,9
DA:12,3
DA:14,3
DA:16,1
DA:17,4
DA:18,1
DA:23,1
DA:24,1
DA:25,3
DA:26,1
LF:10
LH:10
end_of_record
SF:lib\tasks_screen\widgets\edit_task_widget\edit_task_cancel_button.dart
DA:5,12
DA:7,4
DA:9,4
DA:11,1
DA:12,1
LF:5
LH:5
end_of_record
SF:lib\tasks_screen\widgets\edit_task_widget\edit_task_text_field.dart
DA:7,4
DA:9,4
DA:11,4
DA:12,8
DA:13,4
DA:15,4
DA:16,4
DA:20,4
LF:8
LH:8
end_of_record
SF:lib\tasks_screen\widgets\edit_task_widget\edit_task_update_button.dart
DA:10,9
DA:12,3
DA:14,3
DA:16,1
DA:17,5
DA:18,1
LF:6
LH:6
end_of_record
SF:lib\tasks_screen\widgets\task_widget.dart
DA:10,9
DA:12,3
DA:14,3
DA:16,3
DA:17,3
DA:18,2
DA:20,3
DA:22,9
DA:23,3
DA:24,6
DA:25,4
LF:11
LH:11
end_of_record
