SF:lib\calendar_screen\calendar_screen.dart
DA:4,2
DA:6,2
DA:7,2
DA:8,2
DA:10,2
LF:5
LH:5
end_of_record
SF:lib\shared\config\size_config.dart
DA:13,12
DA:14,24
DA:15,24
LF:3
LH:3
end_of_record
SF:lib\shared\widgets\sheet_text_button.dart
DA:8,15
DA:10,5
DA:12,5
DA:13,10
DA:14,5
DA:16,5
DA:17,5
DA:18,5
DA:19,5
DA:21,5
DA:22,10
LF:11
LH:11
end_of_record
SF:lib\tasks_screen\widgets\edit_task_widget\edit_task_cancel_button.dart
DA:5,6
DA:7,2
DA:9,2
DA:11,0
DA:12,0
LF:5
LH:3
end_of_record
SF:lib\finance_screen\finance_screen.dart
DA:4,2
DA:6,2
DA:7,2
DA:8,2
DA:10,2
LF:5
LH:5
end_of_record
SF:lib\goals_screen\goals_screen.dart
DA:4,2
DA:6,2
DA:7,2
DA:8,2
DA:10,2
LF:5
LH:5
end_of_record
SF:lib\fitness_screen\fitness_screen.dart
DA:4,2
DA:6,2
DA:7,2
DA:8,2
DA:10,2
LF:5
LH:5
end_of_record
SF:lib\tasks_screen\models\invalid_task_exception.dart
DA:4,2
DA:6,1
DA:8,2
LF:3
LH:3
end_of_record
SF:lib\tasks_screen\models\task.dart
DA:11,8
DA:13,2
DA:15,4
DA:18,1
DA:19,1
DA:20,1
DA:21,1
DA:22,1
DA:23,3
DA:24,3
DA:25,3
DA:26,3
DA:27,3
DA:29,1
DA:30,1
DA:31,1
DA:34,1
DA:35,1
DA:36,1
DA:37,1
DA:38,1
DA:42,5
DA:43,5
DA:44,5
DA:45,5
DA:46,5
DA:47,5
DA:51,2
DA:55,2
DA:56,2
DA:57,2
DA:58,0
DA:59,1
LF:33
LH:32
end_of_record
SF:lib\shared\config\firebase_config.dart
DA:3,4
DA:5,4
DA:6,4
DA:9,4
DA:13,4
DA:14,8
LF:6
LH:6
end_of_record
SF:lib\tasks_screen\models\task_database_exception.dart
DA:4,1
DA:6,1
DA:8,2
LF:3
LH:3
end_of_record
SF:lib\tasks_screen\models\task_database_operations.dart
DA:6,2
DA:7,2
DA:8,4
DA:9,4
DA:10,2
DA:13,1
DA:14,1
DA:15,2
DA:16,2
DA:17,1
DA:20,1
DA:21,1
DA:22,2
DA:23,1
DA:24,1
DA:27,3
DA:28,3
DA:29,3
DA:30,3
DA:33,1
DA:34,5
DA:35,2
DA:36,3
LF:23
LH:23
end_of_record
SF:lib\tasks_screen\widgets\edit_task_widget\edit_task_update_button.dart
DA:10,6
DA:12,2
DA:14,2
DA:16,0
DA:17,0
DA:18,0
LF:6
LH:3
end_of_record
SF:lib\homework_screen\homework_screen.dart
DA:4,2
DA:6,2
DA:7,2
DA:8,2
DA:10,2
LF:5
LH:5
end_of_record
SF:lib\home_screen\widgets\text_icon_button.dart
DA:11,2
DA:17,4
DA:19,2
DA:21,2
DA:22,2
DA:23,4
DA:24,2
DA:26,2
DA:27,2
DA:29,2
DA:30,2
DA:31,2
DA:34,2
DA:35,2
DA:37,2
DA:38,2
DA:39,2
DA:40,2
DA:42,2
DA:43,2
DA:44,2
DA:48,2
DA:49,2
DA:50,2
DA:51,2
DA:52,2
LF:26
LH:26
end_of_record
SF:lib\tasks_screen\widgets\edit_task_widget\edit_task_add_button.dart
DA:10,6
DA:12,2
DA:14,2
DA:16,0
DA:17,0
DA:18,0
DA:23,0
DA:24,0
DA:25,0
DA:26,0
LF:10
LH:3
end_of_record
SF:lib\tasks_screen\widgets\edit_task_widget\edit_task_sheet.dart
DA:12,1
DA:14,1
DA:15,1
DA:21,1
DA:23,1
DA:24,1
DA:27,1
DA:29,2
DA:30,1
DA:33,1
DA:35,1
DA:36,1
DA:37,1
DA:38,1
DA:39,1
DA:40,1
DA:42,1
DA:43,1
DA:44,1
DA:45,1
DA:47,1
DA:55,1
DA:56,2
DA:57,1
DA:58,1
DA:59,1
DA:62,1
DA:63,1
DA:64,2
DA:65,1
DA:70,1
DA:71,2
DA:72,1
DA:73,3
LF:34
LH:34
end_of_record
SF:lib\tasks_screen\widgets\edit_task_widget\edit_task_text_field.dart
DA:7,2
DA:9,2
DA:11,2
DA:12,4
DA:13,2
DA:15,2
DA:16,2
DA:20,2
LF:8
LH:8
end_of_record
SF:lib\tasks_screen\widgets\task_list_view.dart
DA:8,9
DA:10,1
DA:12,1
DA:13,0
DA:14,0
DA:17,1
DA:20,3
DA:22,3
DA:23,3
DA:24,3
DA:25,6
DA:26,3
DA:27,3
DA:29,1
DA:30,3
LF:15
LH:13
end_of_record
SF:lib\tasks_screen\widgets\task_widget.dart
DA:10,3
DA:12,1
DA:14,1
DA:16,1
DA:17,1
DA:18,0
DA:20,0
DA:22,3
DA:23,1
DA:24,2
DA:25,0
LF:11
LH:8
end_of_record
SF:lib\home_screen\home_screen.dart
DA:12,3
DA:14,1
DA:16,3
DA:18,1
DA:19,1
DA:20,1
DA:22,1
DA:23,1
DA:25,1
DA:26,1
DA:27,1
DA:28,1
DA:29,3
DA:33,1
DA:34,3
DA:40,1
DA:41,1
DA:42,1
DA:43,3
DA:47,1
DA:48,3
DA:54,1
DA:55,1
DA:56,1
DA:57,3
DA:61,1
DA:62,3
DA:75,1
DA:76,3
DA:82,3
DA:84,1
DA:85,1
DA:87,2
DA:88,2
DA:94,1
DA:96,1
DA:97,1
DA:99,2
LF:38
LH:38
end_of_record
SF:lib\tasks_screen\tasks_screen.dart
DA:6,6
DA:8,2
DA:10,2
DA:11,2
DA:12,2
DA:14,2
DA:15,2
LF:7
LH:7
end_of_record
SF:lib\tasks_screen\widgets\add_task_button.dart
DA:6,9
DA:8,3
DA:10,3
DA:12,3
DA:13,0
DA:15,0
DA:17,3
LF:7
LH:5
end_of_record
